<?xml version="1.0" encoding="UTF-8"?>
<testsuite name="RestUserHandlersTest" tests="4" skipped="0" failures="0" errors="0" timestamp="2018-03-14T12:27:24" hostname="pc3-018-l.cs.st-andrews.ac.uk" time="0.292">
  <properties/>
  <testcase name="testPostUserCommentOnPhoto" classname="RestUserHandlersTest" time="0.104"/>
  <testcase name="testGetNotifications" classname="RestUserHandlersTest" time="0.024"/>
  <testcase name="testGetUserComments" classname="RestUserHandlersTest" time="0.062"/>
  <testcase name="testPostUserReplyOnComment" classname="RestUserHandlersTest" time="0.101"/>
  <system-out><![CDATA[Jersey app started with WADL available at http://localhost:8080/myapp/application.wadl.
org.stacspics.CommentAPI.User@379380c6
User1
1
]]></system-out>
  <system-err><![CDATA[Mar 14, 2018 12:27:24 PM org.glassfish.grizzly.http.server.NetworkListener start
INFO: Started listener bound to [localhost:8080]
Mar 14, 2018 12:27:24 PM org.glassfish.grizzly.http.server.HttpServer start
INFO: [HttpServer-2] Started.
Mar 14, 2018 12:27:24 PM org.glassfish.grizzly.http.server.NetworkListener shutdownNow
INFO: Stopped listener bound to [localhost:8080]
]]></system-err>
</testsuite>
