<?xml version="1.0" encoding="UTF-8"?>
<testsuite name="BasicHTTPTest" tests="2" skipped="0" failures="0" errors="0" timestamp="2018-03-13T22:14:20" hostname="pc3-018-l.cs.st-andrews.ac.uk" time="0.232">
  <properties/>
  <testcase name="testStatusCodeWhenPathNotPresent" classname="BasicHTTPTest" time="0.199"/>
  <testcase name="testStatusCodeWhenPathPresent" classname="BasicHTTPTest" time="0.033"/>
  <system-out><![CDATA[Jersey app started with WADL available at http://localhost:8080/myapp/application.wadl
Hit enter to stop it...
]]></system-out>
  <system-err><![CDATA[Mar 13, 2018 10:14:19 PM org.glassfish.grizzly.http.server.NetworkListener start
INFO: Started listener bound to [localhost:8080]
Mar 13, 2018 10:14:20 PM org.glassfish.grizzly.http.server.HttpServer start
INFO: [HttpServer] Started.
Mar 13, 2018 10:14:20 PM org.glassfish.grizzly.http.server.NetworkListener shutdownNow
INFO: Stopped listener bound to [localhost:8080]
]]></system-err>
</testsuite>
