<?xml version="1.0" encoding="UTF-8"?>
<testsuite name="RestCommentHandlersTest" tests="5" skipped="0" failures="0" errors="0" timestamp="2018-03-14T12:27:23" hostname="pc3-018-l.cs.st-andrews.ac.uk" time="0.737">
  <properties/>
  <testcase name="testGetRepliesToComment" classname="RestCommentHandlersTest" time="0.022"/>
  <testcase name="testDeleteComment" classname="RestCommentHandlersTest" time="0.496"/>
  <testcase name="testGetCommentByIDComment" classname="RestCommentHandlersTest" time="0.009"/>
  <testcase name="testUpvoteComment" classname="RestCommentHandlersTest" time="0.113"/>
  <testcase name="testDownvoteComment" classname="RestCommentHandlersTest" time="0.097"/>
  <system-out><![CDATA[Jersey app started with WADL available at http://localhost:8080/myapp/application.wadl.
]]></system-out>
  <system-err><![CDATA[Mar 14, 2018 12:27:23 PM org.glassfish.grizzly.http.server.NetworkListener start
INFO: Started listener bound to [localhost:8080]
Mar 14, 2018 12:27:23 PM org.glassfish.grizzly.http.server.HttpServer start
INFO: [HttpServer-1] Started.
Mar 14, 2018 12:27:24 PM org.glassfish.grizzly.http.server.NetworkListener shutdownNow
INFO: Stopped listener bound to [localhost:8080]
]]></system-err>
</testsuite>
