<?xml version="1.0" encoding="UTF-8"?>
<testsuite name="SampleTest" tests="1" skipped="0" failures="0" errors="0" timestamp="2018-03-07T16:16:41" hostname="pc3-067-l.cs.st-andrews.ac.uk" time="0.001">
  <properties/>
  <testcase name="autoFailTest" classname="SampleTest" time="0.001"/>
  <system-out><![CDATA[]]></system-out>
  <system-err><![CDATA[]]></system-err>
</testsuite>
