<?xml version="1.0" encoding="UTF-8"?>
<testsuite name="RestCommentHandlersTest" tests="1" skipped="0" failures="0" errors="0" timestamp="2018-03-13T23:04:58" hostname="pc3-018-l.cs.st-andrews.ac.uk" time="0.013">
  <properties/>
  <testcase name="testReadComment" classname="RestCommentHandlersTest" time="0.013"/>
  <system-out><![CDATA[Jersey app started with WADL available at http://localhost:8080/myapp/application.wadl
Hit enter to stop it...
hello im trying
hello im trying
User1
]]></system-out>
  <system-err><![CDATA[Mar 13, 2018 11:04:58 PM org.glassfish.grizzly.http.server.NetworkListener start
INFO: Started listener bound to [localhost:8080]
Mar 13, 2018 11:04:58 PM org.glassfish.grizzly.http.server.HttpServer start
INFO: [HttpServer-1] Started.
200: OK
Mar 13, 2018 11:04:58 PM org.glassfish.grizzly.http.server.NetworkListener shutdownNow
INFO: Stopped listener bound to [localhost:8080]
]]></system-err>
</testsuite>
