<?xml version="1.0" encoding="UTF-8"?>
<testsuite name="BasicHTTPTest" tests="2" skipped="0" failures="0" errors="0" timestamp="2018-03-14T02:59:17" hostname="pc3-018-l.cs.st-andrews.ac.uk" time="0.015">
  <properties/>
  <testcase name="testStatusCodeWhenPathNotPresent" classname="BasicHTTPTest" time="0.007"/>
  <testcase name="testStatusCodeWhenPathPresent" classname="BasicHTTPTest" time="0.008"/>
  <system-out><![CDATA[Jersey app started with WADL available at http://localhost:8080/myapp/application.wadl
Hit enter to stop it...
]]></system-out>
  <system-err><![CDATA[Mar 14, 2018 2:59:17 AM org.glassfish.grizzly.http.server.NetworkListener start
INFO: Started listener bound to [localhost:8080]
Mar 14, 2018 2:59:17 AM org.glassfish.grizzly.http.server.HttpServer start
INFO: [HttpServer-1] Started.
Mar 14, 2018 2:59:17 AM org.glassfish.grizzly.http.server.NetworkListener shutdownNow
INFO: Stopped listener bound to [localhost:8080]
]]></system-err>
</testsuite>
