<?xml version="1.0" encoding="UTF-8"?>
<testsuite name="NotificationToGsonTest" tests="1" skipped="0" failures="0" errors="0" timestamp="2018-03-11T16:19:37" hostname="pc3-064-l.cs.st-andrews.ac.uk" time="0.079">
  <properties/>
  <testcase name="testNotificationToGsonFunction" classname="NotificationToGsonTest" time="0.079"/>
  <system-out><![CDATA[]]></system-out>
  <system-err><![CDATA[]]></system-err>
</testsuite>
