<?xml version="1.0" encoding="UTF-8"?>
<testsuite name="SystemStorageToJsonTest" tests="2" skipped="0" failures="0" errors="0" timestamp="2018-03-13T17:15:29" hostname="pc2-015-l.cs.st-andrews.ac.uk" time="0.015">
  <properties/>
  <testcase name="testWriteSystemStorageToFile" classname="SystemStorageToJsonTest" time="0.01"/>
  <testcase name="testSystemStorageToGsonFunction" classname="SystemStorageToJsonTest" time="0.004"/>
  <system-out><![CDATA[]]></system-out>
  <system-err><![CDATA[]]></system-err>
</testsuite>
