<?xml version="1.0" encoding="UTF-8"?>
<testsuite name="UserObjectTest" tests="12" skipped="0" failures="0" errors="0" timestamp="2018-03-14T11:40:01" hostname="pc3-018-l.cs.st-andrews.ac.uk" time="0.39">
  <properties/>
  <testcase name="testNotificationAppearingWhenReplyToComment" classname="UserObjectTest" time="0.001"/>
  <testcase name="testNotificationAppearingWhenCommentOnPhoto" classname="UserObjectTest" time="0.0"/>
  <testcase name="testAddCommentOnPhoto" classname="UserObjectTest" time="0.038"/>
  <testcase name="testOriginalAdminUser" classname="UserObjectTest" time="0.0"/>
  <testcase name="testOriginalUsers" classname="UserObjectTest" time="0.003"/>
  <testcase name="testAdminCanRemoveComment" classname="UserObjectTest" time="0.038"/>
  <testcase name="testNotificationsAreRead" classname="UserObjectTest" time="0.046"/>
  <testcase name="testAddReplyOnComment" classname="UserObjectTest" time="0.06"/>
  <testcase name="testOnlyUnreadNotificationsAreReturned" classname="UserObjectTest" time="0.079"/>
  <testcase name="testUpvote" classname="UserObjectTest" time="0.039"/>
  <testcase name="testNonAdminCantRemoveComment" classname="UserObjectTest" time="0.036"/>
  <testcase name="testDownvote" classname="UserObjectTest" time="0.046"/>
  <system-out><![CDATA[]]></system-out>
  <system-err><![CDATA[]]></system-err>
</testsuite>
