<?xml version="1.0" encoding="UTF-8"?>
<testsuite name="PhotographToGsonTest" tests="1" skipped="0" failures="0" errors="0" timestamp="2018-03-13T18:24:52" hostname="pc2-015-l.cs.st-andrews.ac.uk" time="0.001">
  <properties/>
  <testcase name="testPhotographToGsonFunction" classname="PhotographToGsonTest" time="0.001"/>
  <system-out><![CDATA[]]></system-out>
  <system-err><![CDATA[]]></system-err>
</testsuite>
