<?xml version="1.0" encoding="UTF-8"?>
<testsuite name="CommentObjectTest" tests="1" skipped="0" failures="0" errors="0" timestamp="2018-03-14T00:05:20" hostname="pc3-018-l.cs.st-andrews.ac.uk" time="0.021">
  <properties/>
  <testcase name="testCommentObjectCreation" classname="CommentObjectTest" time="0.021"/>
  <system-out><![CDATA[]]></system-out>
  <system-err><![CDATA[]]></system-err>
</testsuite>
