<?xml version="1.0" encoding="UTF-8"?>
<testsuite name="RestUserHandlersTest" tests="1" skipped="0" failures="0" errors="0" timestamp="2018-03-14T00:34:27" hostname="pc3-018-l.cs.st-andrews.ac.uk" time="0.227">
  <properties/>
  <testcase name="testGetUserComments" classname="RestUserHandlersTest" time="0.227"/>
  <system-out><![CDATA[Jersey app started with WADL available at http://localhost:8080/myapp/application.wadl
Hit enter to stop it...
hello im trying
hello im trying
hi name was User1
]]></system-out>
  <system-err><![CDATA[Mar 14, 2018 12:34:27 AM org.glassfish.grizzly.http.server.NetworkListener start
INFO: Started listener bound to [localhost:8080]
Mar 14, 2018 12:34:27 AM org.glassfish.grizzly.http.server.HttpServer start
INFO: [HttpServer] Started.
200: OK
Mar 14, 2018 12:34:28 AM org.glassfish.grizzly.http.server.NetworkListener shutdownNow
INFO: Stopped listener bound to [localhost:8080]
]]></system-err>
</testsuite>
