<?xml version="1.0" encoding="UTF-8"?>
<testsuite name="RestUserHandlersTest" tests="4" skipped="0" failures="0" errors="0" timestamp="2018-03-14T04:09:36" hostname="pc3-018-l.cs.st-andrews.ac.uk" time="0.695">
  <properties/>
  <testcase name="testPostUserCommentOnPhoto" classname="RestUserHandlersTest" time="0.447"/>
  <testcase name="testGetNotifications" classname="RestUserHandlersTest" time="0.036"/>
  <testcase name="testGetUserComments" classname="RestUserHandlersTest" time="0.08"/>
  <testcase name="testPostUserReplyOnComment" classname="RestUserHandlersTest" time="0.132"/>
  <system-out><![CDATA[Jersey app started with WADL available at http://localhost:8080/myapp/application.wadl
Hit enter to stop it...
]]></system-out>
  <system-err><![CDATA[Mar 14, 2018 4:09:36 AM org.glassfish.grizzly.http.server.NetworkListener start
INFO: Started listener bound to [localhost:8080]
Mar 14, 2018 4:09:36 AM org.glassfish.grizzly.http.server.HttpServer start
INFO: [HttpServer] Started.
200: OK
200: OK
Mar 14, 2018 4:09:36 AM org.glassfish.grizzly.http.server.NetworkListener shutdownNow
INFO: Stopped listener bound to [localhost:8080]
]]></system-err>
</testsuite>
