<?xml version="1.0" encoding="UTF-8"?>
<testsuite name="BasicHTTPTest" tests="2" skipped="0" failures="0" errors="0" timestamp="2018-03-07T20:48:27" hostname="pc3-069-l.cs.st-andrews.ac.uk" time="0.262">
  <properties/>
  <testcase name="testStatusCodeWhenPathNotPresent" classname="BasicHTTPTest" time="0.172"/>
  <testcase name="testStatusCodeWhenPathPresent" classname="BasicHTTPTest" time="0.09"/>
  <system-out><![CDATA[]]></system-out>
  <system-err><![CDATA[Mar 07, 2018 8:48:27 PM org.glassfish.grizzly.http.server.NetworkListener start
INFO: Started listener bound to [localhost:8080]
Mar 07, 2018 8:48:27 PM org.glassfish.grizzly.http.server.HttpServer start
INFO: [HttpServer] Started.
Mar 07, 2018 8:48:28 PM org.glassfish.grizzly.http.server.NetworkListener shutdownNow
INFO: Stopped listener bound to [localhost:8080]
]]></system-err>
</testsuite>
