<?xml version="1.0" encoding="UTF-8"?>
<testsuite name="BasicHTTPTest" tests="2" skipped="0" failures="0" errors="0" timestamp="2018-03-08T18:01:07" hostname="pc3-001-l.cs.st-andrews.ac.uk" time="0.23">
  <properties/>
  <testcase name="testStatusCodeWhenPathNotPresent" classname="BasicHTTPTest" time="0.158"/>
  <testcase name="testStatusCodeWhenPathPresent" classname="BasicHTTPTest" time="0.071"/>
  <system-out><![CDATA[Jersey app started with WADL available at http://localhost:8080/myapp/application.wadl
Hit enter to stop it...
]]></system-out>
  <system-err><![CDATA[Mar 08, 2018 6:01:07 PM org.glassfish.grizzly.http.server.NetworkListener start
INFO: Started listener bound to [localhost:8080]
Mar 08, 2018 6:01:07 PM org.glassfish.grizzly.http.server.HttpServer start
INFO: [HttpServer] Started.
Mar 08, 2018 6:01:07 PM org.glassfish.grizzly.http.server.NetworkListener shutdownNow
INFO: Stopped listener bound to [localhost:8080]
]]></system-err>
</testsuite>
