<?xml version="1.0" encoding="UTF-8"?>
<testsuite name="SystemStorageTest" tests="6" skipped="0" failures="0" errors="0" timestamp="2018-03-14T00:05:20" hostname="pc3-018-l.cs.st-andrews.ac.uk" time="0.111">
  <properties/>
  <testcase name="testUserAddition" classname="SystemStorageTest" time="0.007"/>
  <testcase name="testCommentReplyAddition" classname="SystemStorageTest" time="0.043"/>
  <testcase name="testUpvoteDownvote" classname="SystemStorageTest" time="0.033"/>
  <testcase name="testPhotoCommentAddition" classname="SystemStorageTest" time="0.023"/>
  <testcase name="testPhotoAddition" classname="SystemStorageTest" time="0.003"/>
  <testcase name="testSystemStorageCreation" classname="SystemStorageTest" time="0.0"/>
  <system-out><![CDATA[]]></system-out>
  <system-err><![CDATA[]]></system-err>
</testsuite>
