<?xml version="1.0" encoding="UTF-8"?>
<testsuite name="RestUserHandlersTest" tests="3" skipped="0" failures="0" errors="0" timestamp="2018-03-14T02:31:11" hostname="pc3-018-l.cs.st-andrews.ac.uk" time="0.701">
  <properties/>
  <testcase name="testPostUserCommentOnPhoto" classname="RestUserHandlersTest" time="0.465"/>
  <testcase name="testGetUserComments" classname="RestUserHandlersTest" time="0.093"/>
  <testcase name="testPostUserReplyOnComment" classname="RestUserHandlersTest" time="0.143"/>
  <system-out><![CDATA[Jersey app started with WADL available at http://localhost:8080/myapp/application.wadl
Hit enter to stop it...
HELLO I AM HERE 200
HELLO I AM HERE 200
]]></system-out>
  <system-err><![CDATA[Mar 14, 2018 2:31:11 AM org.glassfish.grizzly.http.server.NetworkListener start
INFO: Started listener bound to [localhost:8080]
Mar 14, 2018 2:31:11 AM org.glassfish.grizzly.http.server.HttpServer start
INFO: [HttpServer] Started.
200: OK
Mar 14, 2018 2:31:12 AM org.glassfish.grizzly.http.server.NetworkListener shutdownNow
INFO: Stopped listener bound to [localhost:8080]
]]></system-err>
</testsuite>
