<?xml version="1.0" encoding="UTF-8"?>
<testsuite name="UserToGsonTest" tests="1" skipped="0" failures="0" errors="0" timestamp="2018-03-13T23:32:08" hostname="pc3-018-l.cs.st-andrews.ac.uk" time="0.002">
  <properties/>
  <testcase name="testUserToGsonFunction" classname="UserToGsonTest" time="0.002"/>
  <system-out><![CDATA[]]></system-out>
  <system-err><![CDATA[]]></system-err>
</testsuite>
