<?xml version="1.0" encoding="UTF-8"?>
<testsuite name="SystemStorageTest" tests="6" skipped="0" failures="0" errors="0" timestamp="2018-03-14T02:11:14" hostname="pc3-018-l.cs.st-andrews.ac.uk" time="0.114">
  <properties/>
  <testcase name="testUserAddition" classname="SystemStorageTest" time="0.007"/>
  <testcase name="testCommentReplyAddition" classname="SystemStorageTest" time="0.042"/>
  <testcase name="testUpvoteDownvote" classname="SystemStorageTest" time="0.033"/>
  <testcase name="testPhotoCommentAddition" classname="SystemStorageTest" time="0.025"/>
  <testcase name="testPhotoAddition" classname="SystemStorageTest" time="0.005"/>
  <testcase name="testSystemStorageCreation" classname="SystemStorageTest" time="0.001"/>
  <system-out><![CDATA[]]></system-out>
  <system-err><![CDATA[]]></system-err>
</testsuite>
