<?xml version="1.0" encoding="UTF-8"?>
<testsuite name="RestCommentHandlersTest" tests="5" skipped="0" failures="0" errors="0" timestamp="2018-03-14T11:40:01" hostname="pc3-018-l.cs.st-andrews.ac.uk" time="0.394">
  <properties/>
  <testcase name="testGetRepliesToComment" classname="RestCommentHandlersTest" time="0.016"/>
  <testcase name="testDeleteComment" classname="RestCommentHandlersTest" time="0.146"/>
  <testcase name="testGetCommentByIDComment" classname="RestCommentHandlersTest" time="0.009"/>
  <testcase name="testUpvoteComment" classname="RestCommentHandlersTest" time="0.111"/>
  <testcase name="testDownvoteComment" classname="RestCommentHandlersTest" time="0.112"/>
  <system-out><![CDATA[Jersey app started with WADL available at http://localhost:8080/myapp/application.wadl.
]]></system-out>
  <system-err><![CDATA[Mar 14, 2018 11:40:01 AM org.glassfish.grizzly.http.server.NetworkListener start
INFO: Started listener bound to [localhost:8080]
Mar 14, 2018 11:40:01 AM org.glassfish.grizzly.http.server.HttpServer start
INFO: [HttpServer-1] Started.
200: OK
200: OK
Mar 14, 2018 11:40:02 AM org.glassfish.grizzly.http.server.NetworkListener shutdownNow
INFO: Stopped listener bound to [localhost:8080]
]]></system-err>
</testsuite>
