<?xml version="1.0" encoding="UTF-8"?>
<testsuite name="BasicHTTPTest" tests="2" skipped="0" failures="0" errors="0" timestamp="2018-03-11T15:26:26" hostname="pc3-064-l.cs.st-andrews.ac.uk" time="0.239">
  <properties/>
  <testcase name="testStatusCodeWhenPathNotPresent" classname="BasicHTTPTest" time="0.167"/>
  <testcase name="testStatusCodeWhenPathPresent" classname="BasicHTTPTest" time="0.072"/>
  <system-out><![CDATA[Jersey app started with WADL available at http://localhost:8080/myapp/application.wadl
Hit enter to stop it...
]]></system-out>
  <system-err><![CDATA[Mar 11, 2018 3:26:26 PM org.glassfish.grizzly.http.server.NetworkListener start
INFO: Started listener bound to [localhost:8080]
Mar 11, 2018 3:26:26 PM org.glassfish.grizzly.http.server.HttpServer start
INFO: [HttpServer] Started.
Mar 11, 2018 3:26:26 PM org.glassfish.grizzly.http.server.NetworkListener shutdownNow
INFO: Stopped listener bound to [localhost:8080]
]]></system-err>
</testsuite>
