<?xml version="1.0" encoding="UTF-8"?>
<testsuite name="PhotographObjectTest" tests="2" skipped="0" failures="0" errors="0" timestamp="2018-03-13T16:45:05" hostname="pc2-015-l.cs.st-andrews.ac.uk" time="0.001">
  <properties/>
  <testcase name="testPhotographObjectCreation" classname="PhotographObjectTest" time="0.0"/>
  <testcase name="testAddComment" classname="PhotographObjectTest" time="0.0"/>
  <system-out><![CDATA[]]></system-out>
  <system-err><![CDATA[]]></system-err>
</testsuite>
