<?xml version="1.0" encoding="UTF-8"?>
<testsuite name="UserObjectTest" tests="12" skipped="0" failures="0" errors="0" timestamp="2018-03-14T03:16:13" hostname="pc3-018-l.cs.st-andrews.ac.uk" time="1.019">
  <properties/>
  <testcase name="testNotificationAppearingWhenReplyToComment" classname="UserObjectTest" time="0.0"/>
  <testcase name="testNotificationAppearingWhenCommentOnPhoto" classname="UserObjectTest" time="0.0"/>
  <testcase name="testAddCommentOnPhoto" classname="UserObjectTest" time="0.094"/>
  <testcase name="testOriginalAdminUser" classname="UserObjectTest" time="0.001"/>
  <testcase name="testOriginalUsers" classname="UserObjectTest" time="0.01"/>
  <testcase name="testAdminCanRemoveComment" classname="UserObjectTest" time="0.414"/>
  <testcase name="testNotificationsAreRead" classname="UserObjectTest" time="0.212"/>
  <testcase name="testAddReplyOnComment" classname="UserObjectTest" time="0.081"/>
  <testcase name="testOnlyUnreadNotificationsAreReturned" classname="UserObjectTest" time="0.087"/>
  <testcase name="testUpvote" classname="UserObjectTest" time="0.037"/>
  <testcase name="testNonAdminCantRemoveComment" classname="UserObjectTest" time="0.035"/>
  <testcase name="testDownvote" classname="UserObjectTest" time="0.045"/>
  <system-out><![CDATA[]]></system-out>
  <system-err><![CDATA[]]></system-err>
</testsuite>
