<?xml version="1.0" encoding="UTF-8"?>
<testsuite name="CommentToGsonTest" tests="1" skipped="0" failures="0" errors="0" timestamp="2018-03-14T00:34:28" hostname="pc3-018-l.cs.st-andrews.ac.uk" time="0.001">
  <properties/>
  <testcase name="testCommentToGsonFunction" classname="CommentToGsonTest" time="0.001"/>
  <system-out><![CDATA[]]></system-out>
  <system-err><![CDATA[]]></system-err>
</testsuite>
