<?xml version="1.0" encoding="UTF-8"?>
<testsuite name="RestPhotoHandlersTest" tests="1" skipped="0" failures="0" errors="0" timestamp="2018-03-14T11:40:01" hostname="pc3-018-l.cs.st-andrews.ac.uk" time="0.108">
  <properties/>
  <testcase name="testGetPhotoComments" classname="RestPhotoHandlersTest" time="0.108"/>
  <system-out><![CDATA[Jersey app started with WADL available at http://localhost:8080/myapp/application.wadl.
]]></system-out>
  <system-err><![CDATA[Mar 14, 2018 11:40:01 AM org.glassfish.grizzly.http.server.NetworkListener start
INFO: Started listener bound to [localhost:8080]
Mar 14, 2018 11:40:01 AM org.glassfish.grizzly.http.server.HttpServer start
INFO: [HttpServer] Started.
200: OK
Mar 14, 2018 11:40:01 AM org.glassfish.grizzly.http.server.NetworkListener shutdownNow
INFO: Stopped listener bound to [localhost:8080]
]]></system-err>
</testsuite>
