<?xml version="1.0" encoding="UTF-8"?>
<testsuite name="SystemStorageTest" tests="6" skipped="0" failures="0" errors="0" timestamp="2018-03-13T18:24:52" hostname="pc2-015-l.cs.st-andrews.ac.uk" time="0.123">
  <properties/>
  <testcase name="testUserAddition" classname="SystemStorageTest" time="0.008"/>
  <testcase name="testCommentReplyAddition" classname="SystemStorageTest" time="0.044"/>
  <testcase name="testUpvoteDownvote" classname="SystemStorageTest" time="0.037"/>
  <testcase name="testPhotoCommentAddition" classname="SystemStorageTest" time="0.028"/>
  <testcase name="testPhotoAddition" classname="SystemStorageTest" time="0.004"/>
  <testcase name="testSystemStorageCreation" classname="SystemStorageTest" time="0.0"/>
  <system-out><![CDATA[]]></system-out>
  <system-err><![CDATA[]]></system-err>
</testsuite>
