<?xml version="1.0" encoding="UTF-8"?>
<testsuite name="SystemStorageTest" tests="6" skipped="0" failures="0" errors="0" timestamp="2018-03-16T20:42:53" hostname="pc3-064-l.cs.st-andrews.ac.uk" time="0.059">
  <properties/>
  <testcase name="testUserAddition" classname="SystemStorageTest" time="0.005"/>
  <testcase name="testCommentReplyAddition" classname="SystemStorageTest" time="0.022"/>
  <testcase name="testUpvoteDownvote" classname="SystemStorageTest" time="0.015"/>
  <testcase name="testPhotoCommentAddition" classname="SystemStorageTest" time="0.015"/>
  <testcase name="testPhotoAddition" classname="SystemStorageTest" time="0.002"/>
  <testcase name="testSystemStorageCreation" classname="SystemStorageTest" time="0.0"/>
  <system-out><![CDATA[]]></system-out>
  <system-err><![CDATA[]]></system-err>
</testsuite>
