<?xml version="1.0" encoding="UTF-8"?>
<testsuite name="CommentObjectTest" tests="3" skipped="0" failures="0" errors="0" timestamp="2018-03-16T20:42:53" hostname="pc3-064-l.cs.st-andrews.ac.uk" time="0.046">
  <properties/>
  <testcase name="testUpvoteDownvote" classname="CommentObjectTest" time="0.016"/>
  <testcase name="testCommentObjectCreation" classname="CommentObjectTest" time="0.018"/>
  <testcase name="testAddComment" classname="CommentObjectTest" time="0.012"/>
  <system-out><![CDATA[]]></system-out>
  <system-err><![CDATA[]]></system-err>
</testsuite>
