<?xml version="1.0" encoding="UTF-8"?>
<testsuite name="UserObjectTest" tests="10" skipped="0" failures="0" errors="0" timestamp="2018-03-16T20:32:42" hostname="pc3-064-l.cs.st-andrews.ac.uk" time="0.211">
  <properties/>
  <testcase name="testAddCommentOnPhoto" classname="UserObjectTest" time="0.019"/>
  <testcase name="testOriginalAdminUser" classname="UserObjectTest" time="0.0"/>
  <testcase name="testOriginalUsers" classname="UserObjectTest" time="0.002"/>
  <testcase name="testAdminCanRemoveComment" classname="UserObjectTest" time="0.022"/>
  <testcase name="testNotificationsAreRead" classname="UserObjectTest" time="0.028"/>
  <testcase name="testAddReplyOnComment" classname="UserObjectTest" time="0.029"/>
  <testcase name="testOnlyUnreadNotificationsAreReturned" classname="UserObjectTest" time="0.045"/>
  <testcase name="testUpvote" classname="UserObjectTest" time="0.019"/>
  <testcase name="testNonAdminCantRemoveComment" classname="UserObjectTest" time="0.019"/>
  <testcase name="testDownvote" classname="UserObjectTest" time="0.025"/>
  <system-out><![CDATA[]]></system-out>
  <system-err><![CDATA[]]></system-err>
</testsuite>
