<?xml version="1.0" encoding="UTF-8"?>
<testsuite name="UserToGsonTest" tests="1" skipped="0" failures="0" errors="0" timestamp="2018-03-16T20:32:42" hostname="pc3-064-l.cs.st-andrews.ac.uk" time="0.006">
  <properties/>
  <testcase name="testUserToGsonFunction" classname="UserToGsonTest" time="0.006"/>
  <system-out><![CDATA[]]></system-out>
  <system-err><![CDATA[]]></system-err>
</testsuite>
