<?xml version="1.0" encoding="UTF-8"?>
<testsuite name="RestCommentHandlersTest" tests="5" skipped="0" failures="0" errors="0" timestamp="2018-03-16T20:42:53" hostname="pc3-064-l.cs.st-andrews.ac.uk" time="0.266">
  <properties/>
  <testcase name="testGetRepliesToComment" classname="RestCommentHandlersTest" time="0.01"/>
  <testcase name="testDeleteComment" classname="RestCommentHandlersTest" time="0.116"/>
  <testcase name="testGetCommentByIDComment" classname="RestCommentHandlersTest" time="0.007"/>
  <testcase name="testUpvoteComment" classname="RestCommentHandlersTest" time="0.062"/>
  <testcase name="testDownvoteComment" classname="RestCommentHandlersTest" time="0.071"/>
  <system-out><![CDATA[Jersey app started with WADL available at http://localhost:8080/myapp/application.wadl.
]]></system-out>
  <system-err><![CDATA[Mar 16, 2018 8:42:53 PM org.glassfish.grizzly.http.server.NetworkListener start
INFO: Started listener bound to [localhost:8080]
Mar 16, 2018 8:42:53 PM org.glassfish.grizzly.http.server.HttpServer start
INFO: [HttpServer-1] Started.
Mar 16, 2018 8:42:53 PM org.glassfish.grizzly.http.server.NetworkListener shutdownNow
INFO: Stopped listener bound to [localhost:8080]
]]></system-err>
</testsuite>
