<?xml version="1.0" encoding="UTF-8"?>
<testsuite name="SystemStorageToJsonTest" tests="2" skipped="0" failures="0" errors="0" timestamp="2018-03-16T20:42:52" hostname="pc3-064-l.cs.st-andrews.ac.uk" time="0.005">
  <properties/>
  <testcase name="testWriteSystemStorageToFile" classname="SystemStorageToJsonTest" time="0.004"/>
  <testcase name="testSystemStorageToGsonFunction" classname="SystemStorageToJsonTest" time="0.001"/>
  <system-out><![CDATA[]]></system-out>
  <system-err><![CDATA[]]></system-err>
</testsuite>
